<?xml version="1.0" encoding="UTF-8"?>
<!-- Generated by org.testng.reporters.JUnitXMLReporter -->
<testsuite ignored="1" hostname="Ranjodhbir" failures="0" tests="1" name="incorrectPasswordTest" time="44.224" errors="0" timestamp="2022-08-07T23:33:34 IST">
  <testcase classname="herokuapp.com.LoginTest" name="negtiveTest" time="38.753"/>
  <testcase classname="herokuapp.com.LoginTest" name="positiveTest" time="0.0">
    <ignored/>
  </testcase> <!-- positiveTest -->
</testsuite> <!-- incorrectPasswordTest -->
