<?xml version="1.0" encoding="UTF-8"?>
<!-- Generated by org.testng.reporters.JUnitXMLReporter -->
<testsuite ignored="1" hostname="Ranjodhbir" failures="0" tests="1" name="Negtive1Test" time="13.225" errors="0" timestamp="2022-08-04T22:36:38 IST">
  <testcase classname="herokuapp.com.NegtiveTest" name="incorrectUsernameTest" time="13.139"/>
  <testcase classname="herokuapp.com.NegtiveTest" name="incorrectPassword" time="0.0">
    <ignored/>
  </testcase> <!-- incorrectPassword -->
</testsuite> <!-- Negtive1Test -->
