<?xml version="1.0" encoding="UTF-8"?>
<testng-results ignored="0" total="2" passed="2" failed="0" skipped="0">
  <reporter-output>
  </reporter-output>
  <suite started-at="2022-08-07T22:17:27 IST" name="AllTest" finished-at="2022-08-07T22:18:22 IST" duration-ms="55446">
    <groups>
    </groups>
    <test started-at="2022-08-07T22:17:27 IST" name="incorrectPasswordTest" finished-at="2022-08-07T22:17:56 IST" duration-ms="29506">
      <class name="herokuapp.com.NegtivetestWithParameter">
        <test-method signature="negtiveTest(java.lang.String,java.lang.String,java.lang.String)[pri:0, instance:herokuapp.com.NegtivetestWithParameter@4567f35d]" started-at="2022-08-07T22:17:27 IST" name="negtiveTest" finished-at="2022-08-07T22:17:56 IST" duration-ms="29436" status="PASS">
          <params>
            <param index="0">
              <value>
                <![CDATA[tomsmith]]>
              </value>
            </param>
            <param index="1">
              <value>
                <![CDATA[incorrectPassword]]>
              </value>
            </param>
            <param index="2">
              <value>
                <![CDATA[Your password is invalid!]]>
              </value>
            </param>
          </params>
          <reporter-output>
          </reporter-output>
        </test-method> <!-- negtiveTest -->
      </class> <!-- herokuapp.com.NegtivetestWithParameter -->
    </test> <!-- incorrectPasswordTest -->
    <test started-at="2022-08-07T22:17:57 IST" name="incorrectUsernameTest" finished-at="2022-08-07T22:18:22 IST" duration-ms="25885">
      <class name="herokuapp.com.NegtivetestWithParameter">
        <test-method signature="negtiveTest(java.lang.String,java.lang.String,java.lang.String)[pri:0, instance:herokuapp.com.NegtivetestWithParameter@130d63be]" started-at="2022-08-07T22:17:57 IST" name="negtiveTest" finished-at="2022-08-07T22:18:22 IST" duration-ms="25878" status="PASS">
          <params>
            <param index="0">
              <value>
                <![CDATA[incorrectusername]]>
              </value>
            </param>
            <param index="1">
              <value>
                <![CDATA[SuperSecretPassword!]]>
              </value>
            </param>
            <param index="2">
              <value>
                <![CDATA[Your username is invalid!]]>
              </value>
            </param>
          </params>
          <reporter-output>
          </reporter-output>
        </test-method> <!-- negtiveTest -->
      </class> <!-- herokuapp.com.NegtivetestWithParameter -->
    </test> <!-- incorrectUsernameTest -->
  </suite> <!-- AllTest -->
</testng-results>
